0 info it worked if it ends with ok
1 verbose cli [ 'node', '/usr/local/bin/npm', 'install', '--save', 'gifffer' ]
2 info using npm@1.4.28
3 info using node@v0.10.32
4 verbose cache add [ 'gifffer', null ]
5 verbose cache add name=undefined spec="gifffer" args=["gifffer",null]
6 verbose parsed url { protocol: null,
6 verbose parsed url   slashes: null,
6 verbose parsed url   auth: null,
6 verbose parsed url   host: null,
6 verbose parsed url   port: null,
6 verbose parsed url   hostname: null,
6 verbose parsed url   hash: null,
6 verbose parsed url   search: null,
6 verbose parsed url   query: null,
6 verbose parsed url   pathname: 'gifffer',
6 verbose parsed url   path: 'gifffer',
6 verbose parsed url   href: 'gifffer' }
7 silly lockFile c07d1607-gifffer gifffer
8 verbose lock gifffer /Users/yqlu/.npm/c07d1607-gifffer.lock
9 silly lockFile c07d1607-gifffer gifffer
10 silly lockFile c07d1607-gifffer gifffer
11 verbose addNamed [ 'gifffer', '' ]
12 verbose addNamed [ null, '*' ]
13 silly lockFile 7bedcfea-gifffer gifffer@
14 verbose lock gifffer@ /Users/yqlu/.npm/7bedcfea-gifffer.lock
15 silly addNameRange { name: 'gifffer', range: '*', hasData: false }
16 verbose request where is /gifffer
17 verbose request registry https://registry.npmjs.org/
18 verbose request id 425999c2e7f013a6
19 verbose url raw /gifffer
20 verbose url resolving [ 'https://registry.npmjs.org/', './gifffer' ]
21 verbose url resolved https://registry.npmjs.org/gifffer
22 verbose request where is https://registry.npmjs.org/gifffer
23 info trying registry request attempt 1 at 01:41:11
24 http GET https://registry.npmjs.org/gifffer
25 http 404 https://registry.npmjs.org/gifffer
26 silly registry.get cb [ 404,
26 silly registry.get   { 'content-type': 'application/json',
26 silly registry.get     'cache-control': 'max-age=0',
26 silly registry.get     'content-length': '2',
26 silly registry.get     'accept-ranges': 'bytes',
26 silly registry.get     date: 'Thu, 03 Dec 2015 06:41:08 GMT',
26 silly registry.get     via: '1.1 varnish',
26 silly registry.get     age: '0',
26 silly registry.get     connection: 'keep-alive',
26 silly registry.get     'x-served-by': 'cache-jfk1034-JFK',
26 silly registry.get     'x-cache': 'MISS',
26 silly registry.get     'x-cache-hits': '0',
26 silly registry.get     'x-timer': 'S1449124868.590006,VS0,VE102' } ]
27 silly lockFile 7bedcfea-gifffer gifffer@
28 silly lockFile 7bedcfea-gifffer gifffer@
29 error 404 Not Found
29 error 404
29 error 404 'gifffer' is not in the npm registry.
29 error 404 You should bug the author to publish it
29 error 404
29 error 404 Note that you can also install from a
29 error 404 tarball, folder, or http url, or git url.
30 error System Darwin 13.4.0
31 error command "node" "/usr/local/bin/npm" "install" "--save" "gifffer"
32 error cwd /Users/yqlu/Desktop/UROP/wallpaper
33 error node -v v0.10.32
34 error npm -v 1.4.28
35 error code E404
36 verbose exit [ 1, true ]
